[2019-04-06 16:20:50] local.ERROR: SQLSTATE[HY000]: General error: 1 duplicate column name: assistido (SQL: alter table "episodios" add column "assistido" tinyint(1) not null default '0') {"exception":"[object] (Illuminate\\Database\\QueryException(code: HY000): SQLSTATE[HY000]: General error: 1 duplicate column name: assistido (SQL: alter table \"episodios\" add column \"assistido\" tinyint(1) not null default '0') at E:\\vinicius-dias\\1190-laravel-parte1\\controle-series\\vendor\\laravel\\framework\\src\\Illuminate\\Database\\Connection.php:664, PDOException(code: HY000): SQLSTATE[HY000]: General error: 1 duplicate column name: assistido at E:\\vinicius-dias\\1190-laravel-parte1\\controle-series\\vendor\\laravel\\framework\\src\\Illuminate\\Database\\Connection.php:452)
[stacktrace]
#0 E:\\vinicius-dias\\1190-laravel-parte1\\controle-series\\vendor\\laravel\\framework\\src\\Illuminate\\Database\\Connection.php(624): Illuminate\\Database\\Connection->runQueryCallback('alter table \"ep...', Array, Object(Closure))
#1 E:\\vinicius-dias\\1190-laravel-parte1\\controle-series\\vendor\\laravel\\framework\\src\\Illuminate\\Database\\Connection.php(459): Illuminate\\Database\\Connection->run('alter table \"ep...', Array, Object(Closure))
#2 E:\\vinicius-dias\\1190-laravel-parte1\\controle-series\\vendor\\laravel\\framework\\src\\Illuminate\\Database\\Schema\\Blueprint.php(97): Illuminate\\Database\\Connection->statement('alter table \"ep...')
#3 E:\\vinicius-dias\\1190-laravel-parte1\\controle-series\\vendor\\laravel\\framework\\src\\Illuminate\\Database\\Schema\\Builder.php(264): Illuminate\\Database\\Schema\\Blueprint->build(Object(Illuminate\\Database\\SQLiteConnection), Object(Illuminate\\Database\\Schema\\Grammars\\SQLiteGrammar))
#4 E:\\vinicius-dias\\1190-laravel-parte1\\controle-series\\vendor\\laravel\\framework\\src\\Illuminate\\Database\\Schema\\Builder.php(149): Illuminate\\Database\\Schema\\Builder->build(Object(Illuminate\\Database\\Schema\\Blueprint))
#5 E:\\vinicius-dias\\1190-laravel-parte1\\controle-series\\vendor\\laravel\\framework\\src\\Illuminate\\Support\\Facades\\Facade.php(237): Illuminate\\Database\\Schema\\Builder->table('episodios', Object(Closure))
#6 E:\\vinicius-dias\\1190-laravel-parte1\\controle-series\\database\\migrations\\2019_04_06_161918_adicionar_campo_assistido.php(20): Illuminate\\Support\\Facades\\Facade::__callStatic('table', Array)
#7 E:\\vinicius-dias\\1190-laravel-parte1\\controle-series\\vendor\\laravel\\framework\\src\\Illuminate\\Database\\Migrations\\Migrator.php(360): AdicionarCampoAssistido->up()
#8 E:\\vinicius-dias\\1190-laravel-parte1\\controle-series\\vendor\\laravel\\framework\\src\\Illuminate\\Database\\Migrations\\Migrator.php(367): Illuminate\\Database\\Migrations\\Migrator->Illuminate\\Database\\Migrations\\{closure}()
#9 E:\\vinicius-dias\\1190-laravel-parte1\\controle-series\\vendor\\laravel\\framework\\src\\Illuminate\\Database\\Migrations\\Migrator.php(178): Illuminate\\Database\\Migrations\\Migrator->runMigration(Object(AdicionarCampoAssistido), 'up')
#10 E:\\vinicius-dias\\1190-laravel-parte1\\controle-series\\vendor\\laravel\\framework\\src\\Illuminate\\Database\\Migrations\\Migrator.php(147): Illuminate\\Database\\Migrations\\Migrator->runUp('E:\\\\vinicius-dia...', 4, false)
#11 E:\\vinicius-dias\\1190-laravel-parte1\\controle-series\\vendor\\laravel\\framework\\src\\Illuminate\\Database\\Migrations\\Migrator.php(96): Illuminate\\Database\\Migrations\\Migrator->runPending(Array, Array)
#12 E:\\vinicius-dias\\1190-laravel-parte1\\controle-series\\vendor\\laravel\\framework\\src\\Illuminate\\Database\\Console\\Migrations\\MigrateCommand.php(71): Illuminate\\Database\\Migrations\\Migrator->run(Array, Array)
#13 [internal function]: Illuminate\\Database\\Console\\Migrations\\MigrateCommand->handle()
#14 E:\\vinicius-dias\\1190-laravel-parte1\\controle-series\\vendor\\laravel\\framework\\src\\Illuminate\\Container\\BoundMethod.php(32): call_user_func_array(Array, Array)
#15 E:\\vinicius-dias\\1190-laravel-parte1\\controle-series\\vendor\\laravel\\framework\\src\\Illuminate\\Container\\BoundMethod.php(90): Illuminate\\Container\\BoundMethod::Illuminate\\Container\\{closure}()
#16 E:\\vinicius-dias\\1190-laravel-parte1\\controle-series\\vendor\\laravel\\framework\\src\\Illuminate\\Container\\BoundMethod.php(34): Illuminate\\Container\\BoundMethod::callBoundMethod(Object(Illuminate\\Foundation\\Application), Array, Object(Closure))
#17 E:\\vinicius-dias\\1190-laravel-parte1\\controle-series\\vendor\\laravel\\framework\\src\\Illuminate\\Container\\Container.php(580): Illuminate\\Container\\BoundMethod::call(Object(Illuminate\\Foundation\\Application), Array, Array, NULL)
#18 E:\\vinicius-dias\\1190-laravel-parte1\\controle-series\\vendor\\laravel\\framework\\src\\Illuminate\\Console\\Command.php(183): Illuminate\\Container\\Container->call(Array)
#19 E:\\vinicius-dias\\1190-laravel-parte1\\controle-series\\vendor\\symfony\\console\\Command\\Command.php(255): Illuminate\\Console\\Command->execute(Object(Symfony\\Component\\Console\\Input\\ArgvInput), Object(Illuminate\\Console\\OutputStyle))
#20 E:\\vinicius-dias\\1190-laravel-parte1\\controle-series\\vendor\\laravel\\framework\\src\\Illuminate\\Console\\Command.php(170): Symfony\\Component\\Console\\Command\\Command->run(Object(Symfony\\Component\\Console\\Input\\ArgvInput), Object(Illuminate\\Console\\OutputStyle))
#21 E:\\vinicius-dias\\1190-laravel-parte1\\controle-series\\vendor\\symfony\\console\\Application.php(908): Illuminate\\Console\\Command->run(Object(Symfony\\Component\\Console\\Input\\ArgvInput), Object(Symfony\\Component\\Console\\Output\\ConsoleOutput))
#22 E:\\vinicius-dias\\1190-laravel-parte1\\controle-series\\vendor\\symfony\\console\\Application.php(269): Symfony\\Component\\Console\\Application->doRunCommand(Object(Illuminate\\Database\\Console\\Migrations\\MigrateCommand), Object(Symfony\\Component\\Console\\Input\\ArgvInput), Object(Symfony\\Component\\Console\\Output\\ConsoleOutput))
#23 E:\\vinicius-dias\\1190-laravel-parte1\\controle-series\\vendor\\symfony\\console\\Application.php(145): Symfony\\Component\\Console\\Application->doRun(Object(Symfony\\Component\\Console\\Input\\ArgvInput), Object(Symfony\\Component\\Console\\Output\\ConsoleOutput))
#24 E:\\vinicius-dias\\1190-laravel-parte1\\controle-series\\vendor\\laravel\\framework\\src\\Illuminate\\Console\\Application.php(90): Symfony\\Component\\Console\\Application->run(Object(Symfony\\Component\\Console\\Input\\ArgvInput), Object(Symfony\\Component\\Console\\Output\\ConsoleOutput))
#25 E:\\vinicius-dias\\1190-laravel-parte1\\controle-series\\vendor\\laravel\\framework\\src\\Illuminate\\Foundation\\Console\\Kernel.php(122): Illuminate\\Console\\Application->run(Object(Symfony\\Component\\Console\\Input\\ArgvInput), Object(Symfony\\Component\\Console\\Output\\ConsoleOutput))
#26 E:\\vinicius-dias\\1190-laravel-parte1\\controle-series\\artisan(37): Illuminate\\Foundation\\Console\\Kernel->handle(Object(Symfony\\Component\\Console\\Input\\ArgvInput), Object(Symfony\\Component\\Console\\Output\\ConsoleOutput))
#27 {main}
"} 
[2019-04-06 16:24:14] local.ERROR: Class 'Doctrine\DBAL\Driver\PDOSqlite\Driver' not found {"exception":"[object] (Symfony\\Component\\Debug\\Exception\\FatalThrowableError(code: 0): Class 'Doctrine\\DBAL\\Driver\\PDOSqlite\\Driver' not found at E:\\vinicius-dias\\1190-laravel-parte1\\controle-series\\vendor\\laravel\\framework\\src\\Illuminate\\Database\\SQLiteConnection.php:88)
[stacktrace]
#0 E:\\vinicius-dias\\1190-laravel-parte1\\controle-series\\vendor\\laravel\\framework\\src\\Illuminate\\Database\\Connection.php(887): Illuminate\\Database\\SQLiteConnection->getDoctrineDriver()
#1 E:\\vinicius-dias\\1190-laravel-parte1\\controle-series\\vendor\\laravel\\framework\\src\\Illuminate\\Database\\Schema\\Grammars\\SQLiteGrammar.php(267): Illuminate\\Database\\Connection->getDoctrineSchemaManager()
#2 E:\\vinicius-dias\\1190-laravel-parte1\\controle-series\\vendor\\laravel\\framework\\src\\Illuminate\\Database\\Schema\\Blueprint.php(123): Illuminate\\Database\\Schema\\Grammars\\SQLiteGrammar->compileDropColumn(Object(Illuminate\\Database\\Schema\\Blueprint), Object(Illuminate\\Support\\Fluent), Object(Illuminate\\Database\\SQLiteConnection))
#3 E:\\vinicius-dias\\1190-laravel-parte1\\controle-series\\vendor\\laravel\\framework\\src\\Illuminate\\Database\\Schema\\Blueprint.php(96): Illuminate\\Database\\Schema\\Blueprint->toSql(Object(Illuminate\\Database\\SQLiteConnection), Object(Illuminate\\Database\\Schema\\Grammars\\SQLiteGrammar))
#4 E:\\vinicius-dias\\1190-laravel-parte1\\controle-series\\vendor\\laravel\\framework\\src\\Illuminate\\Database\\Schema\\Builder.php(264): Illuminate\\Database\\Schema\\Blueprint->build(Object(Illuminate\\Database\\SQLiteConnection), Object(Illuminate\\Database\\Schema\\Grammars\\SQLiteGrammar))
#5 E:\\vinicius-dias\\1190-laravel-parte1\\controle-series\\vendor\\laravel\\framework\\src\\Illuminate\\Database\\Schema\\Builder.php(149): Illuminate\\Database\\Schema\\Builder->build(Object(Illuminate\\Database\\Schema\\Blueprint))
#6 E:\\vinicius-dias\\1190-laravel-parte1\\controle-series\\vendor\\laravel\\framework\\src\\Illuminate\\Support\\Facades\\Facade.php(237): Illuminate\\Database\\Schema\\Builder->table('episodios', Object(Closure))
#7 E:\\vinicius-dias\\1190-laravel-parte1\\controle-series\\database\\migrations\\2019_03_30_164407_adiciona_coluna_assistido.php(31): Illuminate\\Support\\Facades\\Facade::__callStatic('table', Array)
#8 E:\\vinicius-dias\\1190-laravel-parte1\\controle-series\\vendor\\laravel\\framework\\src\\Illuminate\\Database\\Migrations\\Migrator.php(360): AdicionaColunaAssistido->down()
#9 E:\\vinicius-dias\\1190-laravel-parte1\\controle-series\\vendor\\laravel\\framework\\src\\Illuminate\\Database\\Migrations\\Migrator.php(367): Illuminate\\Database\\Migrations\\Migrator->Illuminate\\Database\\Migrations\\{closure}()
#10 E:\\vinicius-dias\\1190-laravel-parte1\\controle-series\\vendor\\laravel\\framework\\src\\Illuminate\\Database\\Migrations\\Migrator.php(335): Illuminate\\Database\\Migrations\\Migrator->runMigration(Object(AdicionaColunaAssistido), 'down')
#11 E:\\vinicius-dias\\1190-laravel-parte1\\controle-series\\vendor\\laravel\\framework\\src\\Illuminate\\Database\\Migrations\\Migrator.php(258): Illuminate\\Database\\Migrations\\Migrator->runDown('E:\\\\vinicius-dia...', Object(stdClass), false)
#12 E:\\vinicius-dias\\1190-laravel-parte1\\controle-series\\vendor\\laravel\\framework\\src\\Illuminate\\Database\\Migrations\\Migrator.php(210): Illuminate\\Database\\Migrations\\Migrator->rollbackMigrations(Array, Array, Array)
#13 E:\\vinicius-dias\\1190-laravel-parte1\\controle-series\\vendor\\laravel\\framework\\src\\Illuminate\\Database\\Console\\Migrations\\RollbackCommand.php(63): Illuminate\\Database\\Migrations\\Migrator->rollback(Array, Array)
#14 [internal function]: Illuminate\\Database\\Console\\Migrations\\RollbackCommand->handle()
#15 E:\\vinicius-dias\\1190-laravel-parte1\\controle-series\\vendor\\laravel\\framework\\src\\Illuminate\\Container\\BoundMethod.php(32): call_user_func_array(Array, Array)
#16 E:\\vinicius-dias\\1190-laravel-parte1\\controle-series\\vendor\\laravel\\framework\\src\\Illuminate\\Container\\BoundMethod.php(90): Illuminate\\Container\\BoundMethod::Illuminate\\Container\\{closure}()
#17 E:\\vinicius-dias\\1190-laravel-parte1\\controle-series\\vendor\\laravel\\framework\\src\\Illuminate\\Container\\BoundMethod.php(34): Illuminate\\Container\\BoundMethod::callBoundMethod(Object(Illuminate\\Foundation\\Application), Array, Object(Closure))
#18 E:\\vinicius-dias\\1190-laravel-parte1\\controle-series\\vendor\\laravel\\framework\\src\\Illuminate\\Container\\Container.php(580): Illuminate\\Container\\BoundMethod::call(Object(Illuminate\\Foundation\\Application), Array, Array, NULL)
#19 E:\\vinicius-dias\\1190-laravel-parte1\\controle-series\\vendor\\laravel\\framework\\src\\Illuminate\\Console\\Command.php(183): Illuminate\\Container\\Container->call(Array)
#20 E:\\vinicius-dias\\1190-laravel-parte1\\controle-series\\vendor\\symfony\\console\\Command\\Command.php(255): Illuminate\\Console\\Command->execute(Object(Symfony\\Component\\Console\\Input\\ArgvInput), Object(Illuminate\\Console\\OutputStyle))
#21 E:\\vinicius-dias\\1190-laravel-parte1\\controle-series\\vendor\\laravel\\framework\\src\\Illuminate\\Console\\Command.php(170): Symfony\\Component\\Console\\Command\\Command->run(Object(Symfony\\Component\\Console\\Input\\ArgvInput), Object(Illuminate\\Console\\OutputStyle))
#22 E:\\vinicius-dias\\1190-laravel-parte1\\controle-series\\vendor\\symfony\\console\\Application.php(908): Illuminate\\Console\\Command->run(Object(Symfony\\Component\\Console\\Input\\ArgvInput), Object(Symfony\\Component\\Console\\Output\\ConsoleOutput))
#23 E:\\vinicius-dias\\1190-laravel-parte1\\controle-series\\vendor\\symfony\\console\\Application.php(269): Symfony\\Component\\Console\\Application->doRunCommand(Object(Illuminate\\Database\\Console\\Migrations\\RollbackCommand), Object(Symfony\\Component\\Console\\Input\\ArgvInput), Object(Symfony\\Component\\Console\\Output\\ConsoleOutput))
#24 E:\\vinicius-dias\\1190-laravel-parte1\\controle-series\\vendor\\symfony\\console\\Application.php(145): Symfony\\Component\\Console\\Application->doRun(Object(Symfony\\Component\\Console\\Input\\ArgvInput), Object(Symfony\\Component\\Console\\Output\\ConsoleOutput))
#25 E:\\vinicius-dias\\1190-laravel-parte1\\controle-series\\vendor\\laravel\\framework\\src\\Illuminate\\Console\\Application.php(90): Symfony\\Component\\Console\\Application->run(Object(Symfony\\Component\\Console\\Input\\ArgvInput), Object(Symfony\\Component\\Console\\Output\\ConsoleOutput))
#26 E:\\vinicius-dias\\1190-laravel-parte1\\controle-series\\vendor\\laravel\\framework\\src\\Illuminate\\Foundation\\Console\\Kernel.php(122): Illuminate\\Console\\Application->run(Object(Symfony\\Component\\Console\\Input\\ArgvInput), Object(Symfony\\Component\\Console\\Output\\ConsoleOutput))
#27 E:\\vinicius-dias\\1190-laravel-parte1\\controle-series\\artisan(37): Illuminate\\Foundation\\Console\\Kernel->handle(Object(Symfony\\Component\\Console\\Input\\ArgvInput), Object(Symfony\\Component\\Console\\Output\\ConsoleOutput))
#28 {main}
"} 
[2019-04-06 16:24:46] local.ERROR: Class 'Doctrine\DBAL\Driver\PDOSqlite\Driver' not found {"exception":"[object] (Symfony\\Component\\Debug\\Exception\\FatalThrowableError(code: 0): Class 'Doctrine\\DBAL\\Driver\\PDOSqlite\\Driver' not found at E:\\vinicius-dias\\1190-laravel-parte1\\controle-series\\vendor\\laravel\\framework\\src\\Illuminate\\Database\\SQLiteConnection.php:88)
[stacktrace]
#0 E:\\vinicius-dias\\1190-laravel-parte1\\controle-series\\vendor\\laravel\\framework\\src\\Illuminate\\Database\\Connection.php(887): Illuminate\\Database\\SQLiteConnection->getDoctrineDriver()
#1 E:\\vinicius-dias\\1190-laravel-parte1\\controle-series\\vendor\\laravel\\framework\\src\\Illuminate\\Database\\Schema\\Grammars\\SQLiteGrammar.php(267): Illuminate\\Database\\Connection->getDoctrineSchemaManager()
#2 E:\\vinicius-dias\\1190-laravel-parte1\\controle-series\\vendor\\laravel\\framework\\src\\Illuminate\\Database\\Schema\\Blueprint.php(123): Illuminate\\Database\\Schema\\Grammars\\SQLiteGrammar->compileDropColumn(Object(Illuminate\\Database\\Schema\\Blueprint), Object(Illuminate\\Support\\Fluent), Object(Illuminate\\Database\\SQLiteConnection))
#3 E:\\vinicius-dias\\1190-laravel-parte1\\controle-series\\vendor\\laravel\\framework\\src\\Illuminate\\Database\\Schema\\Blueprint.php(96): Illuminate\\Database\\Schema\\Blueprint->toSql(Object(Illuminate\\Database\\SQLiteConnection), Object(Illuminate\\Database\\Schema\\Grammars\\SQLiteGrammar))
#4 E:\\vinicius-dias\\1190-laravel-parte1\\controle-series\\vendor\\laravel\\framework\\src\\Illuminate\\Database\\Schema\\Builder.php(264): Illuminate\\Database\\Schema\\Blueprint->build(Object(Illuminate\\Database\\SQLiteConnection), Object(Illuminate\\Database\\Schema\\Grammars\\SQLiteGrammar))
#5 E:\\vinicius-dias\\1190-laravel-parte1\\controle-series\\vendor\\laravel\\framework\\src\\Illuminate\\Database\\Schema\\Builder.php(149): Illuminate\\Database\\Schema\\Builder->build(Object(Illuminate\\Database\\Schema\\Blueprint))
#6 E:\\vinicius-dias\\1190-laravel-parte1\\controle-series\\vendor\\laravel\\framework\\src\\Illuminate\\Support\\Facades\\Facade.php(237): Illuminate\\Database\\Schema\\Builder->table('episodios', Object(Closure))
#7 E:\\vinicius-dias\\1190-laravel-parte1\\controle-series\\database\\migrations\\2019_03_30_164407_adiciona_coluna_assistido.php(31): Illuminate\\Support\\Facades\\Facade::__callStatic('table', Array)
#8 E:\\vinicius-dias\\1190-laravel-parte1\\controle-series\\vendor\\laravel\\framework\\src\\Illuminate\\Database\\Migrations\\Migrator.php(360): AdicionaColunaAssistido->down()
#9 E:\\vinicius-dias\\1190-laravel-parte1\\controle-series\\vendor\\laravel\\framework\\src\\Illuminate\\Database\\Migrations\\Migrator.php(367): Illuminate\\Database\\Migrations\\Migrator->Illuminate\\Database\\Migrations\\{closure}()
#10 E:\\vinicius-dias\\1190-laravel-parte1\\controle-series\\vendor\\laravel\\framework\\src\\Illuminate\\Database\\Migrations\\Migrator.php(335): Illuminate\\Database\\Migrations\\Migrator->runMigration(Object(AdicionaColunaAssistido), 'down')
#11 E:\\vinicius-dias\\1190-laravel-parte1\\controle-series\\vendor\\laravel\\framework\\src\\Illuminate\\Database\\Migrations\\Migrator.php(258): Illuminate\\Database\\Migrations\\Migrator->runDown('E:\\\\vinicius-dia...', Object(stdClass), false)
#12 E:\\vinicius-dias\\1190-laravel-parte1\\controle-series\\vendor\\laravel\\framework\\src\\Illuminate\\Database\\Migrations\\Migrator.php(210): Illuminate\\Database\\Migrations\\Migrator->rollbackMigrations(Array, Array, Array)
#13 E:\\vinicius-dias\\1190-laravel-parte1\\controle-series\\vendor\\laravel\\framework\\src\\Illuminate\\Database\\Console\\Migrations\\RollbackCommand.php(63): Illuminate\\Database\\Migrations\\Migrator->rollback(Array, Array)
#14 [internal function]: Illuminate\\Database\\Console\\Migrations\\RollbackCommand->handle()
#15 E:\\vinicius-dias\\1190-laravel-parte1\\controle-series\\vendor\\laravel\\framework\\src\\Illuminate\\Container\\BoundMethod.php(32): call_user_func_array(Array, Array)
#16 E:\\vinicius-dias\\1190-laravel-parte1\\controle-series\\vendor\\laravel\\framework\\src\\Illuminate\\Container\\BoundMethod.php(90): Illuminate\\Container\\BoundMethod::Illuminate\\Container\\{closure}()
#17 E:\\vinicius-dias\\1190-laravel-parte1\\controle-series\\vendor\\laravel\\framework\\src\\Illuminate\\Container\\BoundMethod.php(34): Illuminate\\Container\\BoundMethod::callBoundMethod(Object(Illuminate\\Foundation\\Application), Array, Object(Closure))
#18 E:\\vinicius-dias\\1190-laravel-parte1\\controle-series\\vendor\\laravel\\framework\\src\\Illuminate\\Container\\Container.php(580): Illuminate\\Container\\BoundMethod::call(Object(Illuminate\\Foundation\\Application), Array, Array, NULL)
#19 E:\\vinicius-dias\\1190-laravel-parte1\\controle-series\\vendor\\laravel\\framework\\src\\Illuminate\\Console\\Command.php(183): Illuminate\\Container\\Container->call(Array)
#20 E:\\vinicius-dias\\1190-laravel-parte1\\controle-series\\vendor\\symfony\\console\\Command\\Command.php(255): Illuminate\\Console\\Command->execute(Object(Symfony\\Component\\Console\\Input\\ArgvInput), Object(Illuminate\\Console\\OutputStyle))
#21 E:\\vinicius-dias\\1190-laravel-parte1\\controle-series\\vendor\\laravel\\framework\\src\\Illuminate\\Console\\Command.php(170): Symfony\\Component\\Console\\Command\\Command->run(Object(Symfony\\Component\\Console\\Input\\ArgvInput), Object(Illuminate\\Console\\OutputStyle))
#22 E:\\vinicius-dias\\1190-laravel-parte1\\controle-series\\vendor\\symfony\\console\\Application.php(908): Illuminate\\Console\\Command->run(Object(Symfony\\Component\\Console\\Input\\ArgvInput), Object(Symfony\\Component\\Console\\Output\\ConsoleOutput))
#23 E:\\vinicius-dias\\1190-laravel-parte1\\controle-series\\vendor\\symfony\\console\\Application.php(269): Symfony\\Component\\Console\\Application->doRunCommand(Object(Illuminate\\Database\\Console\\Migrations\\RollbackCommand), Object(Symfony\\Component\\Console\\Input\\ArgvInput), Object(Symfony\\Component\\Console\\Output\\ConsoleOutput))
#24 E:\\vinicius-dias\\1190-laravel-parte1\\controle-series\\vendor\\symfony\\console\\Application.php(145): Symfony\\Component\\Console\\Application->doRun(Object(Symfony\\Component\\Console\\Input\\ArgvInput), Object(Symfony\\Component\\Console\\Output\\ConsoleOutput))
#25 E:\\vinicius-dias\\1190-laravel-parte1\\controle-series\\vendor\\laravel\\framework\\src\\Illuminate\\Console\\Application.php(90): Symfony\\Component\\Console\\Application->run(Object(Symfony\\Component\\Console\\Input\\ArgvInput), Object(Symfony\\Component\\Console\\Output\\ConsoleOutput))
#26 E:\\vinicius-dias\\1190-laravel-parte1\\controle-series\\vendor\\laravel\\framework\\src\\Illuminate\\Foundation\\Console\\Kernel.php(122): Illuminate\\Console\\Application->run(Object(Symfony\\Component\\Console\\Input\\ArgvInput), Object(Symfony\\Component\\Console\\Output\\ConsoleOutput))
#27 E:\\vinicius-dias\\1190-laravel-parte1\\controle-series\\artisan(37): Illuminate\\Foundation\\Console\\Kernel->handle(Object(Symfony\\Component\\Console\\Input\\ArgvInput), Object(Symfony\\Component\\Console\\Output\\ConsoleOutput))
#28 {main}
"} 
[2019-04-06 16:52:45] local.ERROR: SQLSTATE[HY000]: General error: 1 no such column: assitido (SQL: update "episodios" set "assitido" = 1 where "id" = 638) {"exception":"[object] (Illuminate\\Database\\QueryException(code: HY000): SQLSTATE[HY000]: General error: 1 no such column: assitido (SQL: update \"episodios\" set \"assitido\" = 1 where \"id\" = 638) at E:\\vinicius-dias\\1190-laravel-parte1\\controle-series\\vendor\\laravel\\framework\\src\\Illuminate\\Database\\Connection.php:664, Doctrine\\DBAL\\Driver\\PDOException(code: HY000): SQLSTATE[HY000]: General error: 1 no such column: assitido at E:\\vinicius-dias\\1190-laravel-parte1\\controle-series\\vendor\\doctrine\\dbal\\lib\\Doctrine\\DBAL\\Driver\\PDOConnection.php:63, PDOException(code: HY000): SQLSTATE[HY000]: General error: 1 no such column: assitido at E:\\vinicius-dias\\1190-laravel-parte1\\controle-series\\vendor\\doctrine\\dbal\\lib\\Doctrine\\DBAL\\Driver\\PDOConnection.php:61)
[stacktrace]
#0 E:\\vinicius-dias\\1190-laravel-parte1\\controle-series\\vendor\\laravel\\framework\\src\\Illuminate\\Database\\Connection.php(624): Illuminate\\Database\\Connection->runQueryCallback('update \"episodi...', Array, Object(Closure))
#1 E:\\vinicius-dias\\1190-laravel-parte1\\controle-series\\vendor\\laravel\\framework\\src\\Illuminate\\Database\\Connection.php(490): Illuminate\\Database\\Connection->run('update \"episodi...', Array, Object(Closure))
#2 E:\\vinicius-dias\\1190-laravel-parte1\\controle-series\\vendor\\laravel\\framework\\src\\Illuminate\\Database\\Connection.php(423): Illuminate\\Database\\Connection->affectingStatement('update \"episodi...', Array)
#3 E:\\vinicius-dias\\1190-laravel-parte1\\controle-series\\vendor\\laravel\\framework\\src\\Illuminate\\Database\\Query\\Builder.php(2664): Illuminate\\Database\\Connection->update('update \"episodi...', Array)
#4 E:\\vinicius-dias\\1190-laravel-parte1\\controle-series\\vendor\\laravel\\framework\\src\\Illuminate\\Database\\Eloquent\\Builder.php(818): Illuminate\\Database\\Query\\Builder->update(Array)
#5 E:\\vinicius-dias\\1190-laravel-parte1\\controle-series\\vendor\\laravel\\framework\\src\\Illuminate\\Database\\Eloquent\\Model.php(741): Illuminate\\Database\\Eloquent\\Builder->update(Array)
#6 E:\\vinicius-dias\\1190-laravel-parte1\\controle-series\\vendor\\laravel\\framework\\src\\Illuminate\\Database\\Eloquent\\Model.php(656): Illuminate\\Database\\Eloquent\\Model->performUpdate(Object(Illuminate\\Database\\Eloquent\\Builder))
#7 E:\\vinicius-dias\\1190-laravel-parte1\\controle-series\\vendor\\laravel\\framework\\src\\Illuminate\\Database\\Eloquent\\Model.php(613): Illuminate\\Database\\Eloquent\\Model->save()
#8 E:\\vinicius-dias\\1190-laravel-parte1\\controle-series\\vendor\\laravel\\framework\\src\\Illuminate\\Database\\Eloquent\\Model.php(625): Illuminate\\Database\\Eloquent\\Model->push()
#9 E:\\vinicius-dias\\1190-laravel-parte1\\controle-series\\app\\Http\\Controllers\\EpisodiosController.php(29): Illuminate\\Database\\Eloquent\\Model->push()
#10 [internal function]: App\\Http\\Controllers\\EpisodiosController->assistir(Object(App\\Temporada), Object(Illuminate\\Http\\Request))
#11 E:\\vinicius-dias\\1190-laravel-parte1\\controle-series\\vendor\\laravel\\framework\\src\\Illuminate\\Routing\\Controller.php(54): call_user_func_array(Array, Array)
#12 E:\\vinicius-dias\\1190-laravel-parte1\\controle-series\\vendor\\laravel\\framework\\src\\Illuminate\\Routing\\ControllerDispatcher.php(45): Illuminate\\Routing\\Controller->callAction('assistir', Array)
#13 E:\\vinicius-dias\\1190-laravel-parte1\\controle-series\\vendor\\laravel\\framework\\src\\Illuminate\\Routing\\Route.php(219): Illuminate\\Routing\\ControllerDispatcher->dispatch(Object(Illuminate\\Routing\\Route), Object(App\\Http\\Controllers\\EpisodiosController), 'assistir')
#14 E:\\vinicius-dias\\1190-laravel-parte1\\controle-series\\vendor\\laravel\\framework\\src\\Illuminate\\Routing\\Route.php(176): Illuminate\\Routing\\Route->runController()
#15 E:\\vinicius-dias\\1190-laravel-parte1\\controle-series\\vendor\\laravel\\framework\\src\\Illuminate\\Routing\\Router.php(680): Illuminate\\Routing\\Route->run()
#16 E:\\vinicius-dias\\1190-laravel-parte1\\controle-series\\vendor\\laravel\\framework\\src\\Illuminate\\Routing\\Pipeline.php(30): Illuminate\\Routing\\Router->Illuminate\\Routing\\{closure}(Object(Illuminate\\Http\\Request))
#17 E:\\vinicius-dias\\1190-laravel-parte1\\controle-series\\vendor\\laravel\\framework\\src\\Illuminate\\Routing\\Middleware\\SubstituteBindings.php(41): Illuminate\\Routing\\Pipeline->Illuminate\\Routing\\{closure}(Object(Illuminate\\Http\\Request))
#18 E:\\vinicius-dias\\1190-laravel-parte1\\controle-series\\vendor\\laravel\\framework\\src\\Illuminate\\Pipeline\\Pipeline.php(163): Illuminate\\Routing\\Middleware\\SubstituteBindings->handle(Object(Illuminate\\Http\\Request), Object(Closure))
#19 E:\\vinicius-dias\\1190-laravel-parte1\\controle-series\\vendor\\laravel\\framework\\src\\Illuminate\\Routing\\Pipeline.php(53): Illuminate\\Pipeline\\Pipeline->Illuminate\\Pipeline\\{closure}(Object(Illuminate\\Http\\Request))
#20 E:\\vinicius-dias\\1190-laravel-parte1\\controle-series\\vendor\\laravel\\framework\\src\\Illuminate\\Foundation\\Http\\Middleware\\VerifyCsrfToken.php(75): Illuminate\\Routing\\Pipeline->Illuminate\\Routing\\{closure}(Object(Illuminate\\Http\\Request))
#21 E:\\vinicius-dias\\1190-laravel-parte1\\controle-series\\vendor\\laravel\\framework\\src\\Illuminate\\Pipeline\\Pipeline.php(163): Illuminate\\Foundation\\Http\\Middleware\\VerifyCsrfToken->handle(Object(Illuminate\\Http\\Request), Object(Closure))
#22 E:\\vinicius-dias\\1190-laravel-parte1\\controle-series\\vendor\\laravel\\framework\\src\\Illuminate\\Routing\\Pipeline.php(53): Illuminate\\Pipeline\\Pipeline->Illuminate\\Pipeline\\{closure}(Object(Illuminate\\Http\\Request))
#23 E:\\vinicius-dias\\1190-laravel-parte1\\controle-series\\vendor\\laravel\\framework\\src\\Illuminate\\View\\Middleware\\ShareErrorsFromSession.php(49): Illuminate\\Routing\\Pipeline->Illuminate\\Routing\\{closure}(Object(Illuminate\\Http\\Request))
#24 E:\\vinicius-dias\\1190-laravel-parte1\\controle-series\\vendor\\laravel\\framework\\src\\Illuminate\\Pipeline\\Pipeline.php(163): Illuminate\\View\\Middleware\\ShareErrorsFromSession->handle(Object(Illuminate\\Http\\Request), Object(Closure))
#25 E:\\vinicius-dias\\1190-laravel-parte1\\controle-series\\vendor\\laravel\\framework\\src\\Illuminate\\Routing\\Pipeline.php(53): Illuminate\\Pipeline\\Pipeline->Illuminate\\Pipeline\\{closure}(Object(Illuminate\\Http\\Request))
#26 E:\\vinicius-dias\\1190-laravel-parte1\\controle-series\\vendor\\laravel\\framework\\src\\Illuminate\\Session\\Middleware\\StartSession.php(56): Illuminate\\Routing\\Pipeline->Illuminate\\Routing\\{closure}(Object(Illuminate\\Http\\Request))
#27 E:\\vinicius-dias\\1190-laravel-parte1\\controle-series\\vendor\\laravel\\framework\\src\\Illuminate\\Pipeline\\Pipeline.php(163): Illuminate\\Session\\Middleware\\StartSession->handle(Object(Illuminate\\Http\\Request), Object(Closure))
#28 E:\\vinicius-dias\\1190-laravel-parte1\\controle-series\\vendor\\laravel\\framework\\src\\Illuminate\\Routing\\Pipeline.php(53): Illuminate\\Pipeline\\Pipeline->Illuminate\\Pipeline\\{closure}(Object(Illuminate\\Http\\Request))
#29 E:\\vinicius-dias\\1190-laravel-parte1\\controle-series\\vendor\\laravel\\framework\\src\\Illuminate\\Cookie\\Middleware\\AddQueuedCookiesToResponse.php(37): Illuminate\\Routing\\Pipeline->Illuminate\\Routing\\{closure}(Object(Illuminate\\Http\\Request))
#30 E:\\vinicius-dias\\1190-laravel-parte1\\controle-series\\vendor\\laravel\\framework\\src\\Illuminate\\Pipeline\\Pipeline.php(163): Illuminate\\Cookie\\Middleware\\AddQueuedCookiesToResponse->handle(Object(Illuminate\\Http\\Request), Object(Closure))
#31 E:\\vinicius-dias\\1190-laravel-parte1\\controle-series\\vendor\\laravel\\framework\\src\\Illuminate\\Routing\\Pipeline.php(53): Illuminate\\Pipeline\\Pipeline->Illuminate\\Pipeline\\{closure}(Object(Illuminate\\Http\\Request))
#32 E:\\vinicius-dias\\1190-laravel-parte1\\controle-series\\vendor\\laravel\\framework\\src\\Illuminate\\Cookie\\Middleware\\EncryptCookies.php(66): Illuminate\\Routing\\Pipeline->Illuminate\\Routing\\{closure}(Object(Illuminate\\Http\\Request))
#33 E:\\vinicius-dias\\1190-laravel-parte1\\controle-series\\vendor\\laravel\\framework\\src\\Illuminate\\Pipeline\\Pipeline.php(163): Illuminate\\Cookie\\Middleware\\EncryptCookies->handle(Object(Illuminate\\Http\\Request), Object(Closure))
#34 E:\\vinicius-dias\\1190-laravel-parte1\\controle-series\\vendor\\laravel\\framework\\src\\Illuminate\\Routing\\Pipeline.php(53): Illuminate\\Pipeline\\Pipeline->Illuminate\\Pipeline\\{closure}(Object(Illuminate\\Http\\Request))
#35 E:\\vinicius-dias\\1190-laravel-parte1\\controle-series\\vendor\\laravel\\framework\\src\\Illuminate\\Pipeline\\Pipeline.php(104): Illuminate\\Routing\\Pipeline->Illuminate\\Routing\\{closure}(Object(Illuminate\\Http\\Request))
#36 E:\\vinicius-dias\\1190-laravel-parte1\\controle-series\\vendor\\laravel\\framework\\src\\Illuminate\\Routing\\Router.php(682): Illuminate\\Pipeline\\Pipeline->then(Object(Closure))
#37 E:\\vinicius-dias\\1190-laravel-parte1\\controle-series\\vendor\\laravel\\framework\\src\\Illuminate\\Routing\\Router.php(657): Illuminate\\Routing\\Router->runRouteWithinStack(Object(Illuminate\\Routing\\Route), Object(Illuminate\\Http\\Request))
#38 E:\\vinicius-dias\\1190-laravel-parte1\\controle-series\\vendor\\laravel\\framework\\src\\Illuminate\\Routing\\Router.php(623): Illuminate\\Routing\\Router->runRoute(Object(Illuminate\\Http\\Request), Object(Illuminate\\Routing\\Route))
#39 E:\\vinicius-dias\\1190-laravel-parte1\\controle-series\\vendor\\laravel\\framework\\src\\Illuminate\\Routing\\Router.php(612): Illuminate\\Routing\\Router->dispatchToRoute(Object(Illuminate\\Http\\Request))
#40 E:\\vinicius-dias\\1190-laravel-parte1\\controle-series\\vendor\\laravel\\framework\\src\\Illuminate\\Foundation\\Http\\Kernel.php(176): Illuminate\\Routing\\Router->dispatch(Object(Illuminate\\Http\\Request))
#41 E:\\vinicius-dias\\1190-laravel-parte1\\controle-series\\vendor\\laravel\\framework\\src\\Illuminate\\Routing\\Pipeline.php(30): Illuminate\\Foundation\\Http\\Kernel->Illuminate\\Foundation\\Http\\{closure}(Object(Illuminate\\Http\\Request))
#42 E:\\vinicius-dias\\1190-laravel-parte1\\controle-series\\vendor\\fideloper\\proxy\\src\\TrustProxies.php(57): Illuminate\\Routing\\Pipeline->Illuminate\\Routing\\{closure}(Object(Illuminate\\Http\\Request))
#43 E:\\vinicius-dias\\1190-laravel-parte1\\controle-series\\vendor\\laravel\\framework\\src\\Illuminate\\Pipeline\\Pipeline.php(163): Fideloper\\Proxy\\TrustProxies->handle(Object(Illuminate\\Http\\Request), Object(Closure))
#44 E:\\vinicius-dias\\1190-laravel-parte1\\controle-series\\vendor\\laravel\\framework\\src\\Illuminate\\Routing\\Pipeline.php(53): Illuminate\\Pipeline\\Pipeline->Illuminate\\Pipeline\\{closure}(Object(Illuminate\\Http\\Request))
#45 E:\\vinicius-dias\\1190-laravel-parte1\\controle-series\\vendor\\laravel\\framework\\src\\Illuminate\\Foundation\\Http\\Middleware\\TransformsRequest.php(21): Illuminate\\Routing\\Pipeline->Illuminate\\Routing\\{closure}(Object(Illuminate\\Http\\Request))
#46 E:\\vinicius-dias\\1190-laravel-parte1\\controle-series\\vendor\\laravel\\framework\\src\\Illuminate\\Pipeline\\Pipeline.php(163): Illuminate\\Foundation\\Http\\Middleware\\TransformsRequest->handle(Object(Illuminate\\Http\\Request), Object(Closure))
#47 E:\\vinicius-dias\\1190-laravel-parte1\\controle-series\\vendor\\laravel\\framework\\src\\Illuminate\\Routing\\Pipeline.php(53): Illuminate\\Pipeline\\Pipeline->Illuminate\\Pipeline\\{closure}(Object(Illuminate\\Http\\Request))
#48 E:\\vinicius-dias\\1190-laravel-parte1\\controle-series\\vendor\\laravel\\framework\\src\\Illuminate\\Foundation\\Http\\Middleware\\TransformsRequest.php(21): Illuminate\\Routing\\Pipeline->Illuminate\\Routing\\{closure}(Object(Illuminate\\Http\\Request))
#49 E:\\vinicius-dias\\1190-laravel-parte1\\controle-series\\vendor\\laravel\\framework\\src\\Illuminate\\Pipeline\\Pipeline.php(163): Illuminate\\Foundation\\Http\\Middleware\\TransformsRequest->handle(Object(Illuminate\\Http\\Request), Object(Closure))
#50 E:\\vinicius-dias\\1190-laravel-parte1\\controle-series\\vendor\\laravel\\framework\\src\\Illuminate\\Routing\\Pipeline.php(53): Illuminate\\Pipeline\\Pipeline->Illuminate\\Pipeline\\{closure}(Object(Illuminate\\Http\\Request))
#51 E:\\vinicius-dias\\1190-laravel-parte1\\controle-series\\vendor\\laravel\\framework\\src\\Illuminate\\Foundation\\Http\\Middleware\\ValidatePostSize.php(27): Illuminate\\Routing\\Pipeline->Illuminate\\Routing\\{closure}(Object(Illuminate\\Http\\Request))
#52 E:\\vinicius-dias\\1190-laravel-parte1\\controle-series\\vendor\\laravel\\framework\\src\\Illuminate\\Pipeline\\Pipeline.php(163): Illuminate\\Foundation\\Http\\Middleware\\ValidatePostSize->handle(Object(Illuminate\\Http\\Request), Object(Closure))
#53 E:\\vinicius-dias\\1190-laravel-parte1\\controle-series\\vendor\\laravel\\framework\\src\\Illuminate\\Routing\\Pipeline.php(53): Illuminate\\Pipeline\\Pipeline->Illuminate\\Pipeline\\{closure}(Object(Illuminate\\Http\\Request))
#54 E:\\vinicius-dias\\1190-laravel-parte1\\controle-series\\vendor\\laravel\\framework\\src\\Illuminate\\Foundation\\Http\\Middleware\\CheckForMaintenanceMode.php(62): Illuminate\\Routing\\Pipeline->Illuminate\\Routing\\{closure}(Object(Illuminate\\Http\\Request))
#55 E:\\vinicius-dias\\1190-laravel-parte1\\controle-series\\vendor\\laravel\\framework\\src\\Illuminate\\Pipeline\\Pipeline.php(163): Illuminate\\Foundation\\Http\\Middleware\\CheckForMaintenanceMode->handle(Object(Illuminate\\Http\\Request), Object(Closure))
#56 E:\\vinicius-dias\\1190-laravel-parte1\\controle-series\\vendor\\laravel\\framework\\src\\Illuminate\\Routing\\Pipeline.php(53): Illuminate\\Pipeline\\Pipeline->Illuminate\\Pipeline\\{closure}(Object(Illuminate\\Http\\Request))
#57 E:\\vinicius-dias\\1190-laravel-parte1\\controle-series\\vendor\\laravel\\framework\\src\\Illuminate\\Pipeline\\Pipeline.php(104): Illuminate\\Routing\\Pipeline->Illuminate\\Routing\\{closure}(Object(Illuminate\\Http\\Request))
#58 E:\\vinicius-dias\\1190-laravel-parte1\\controle-series\\vendor\\laravel\\framework\\src\\Illuminate\\Foundation\\Http\\Kernel.php(151): Illuminate\\Pipeline\\Pipeline->then(Object(Closure))
#59 E:\\vinicius-dias\\1190-laravel-parte1\\controle-series\\vendor\\laravel\\framework\\src\\Illuminate\\Foundation\\Http\\Kernel.php(116): Illuminate\\Foundation\\Http\\Kernel->sendRequestThroughRouter(Object(Illuminate\\Http\\Request))
#60 E:\\vinicius-dias\\1190-laravel-parte1\\controle-series\\public\\index.php(55): Illuminate\\Foundation\\Http\\Kernel->handle(Object(Illuminate\\Http\\Request))
#61 E:\\vinicius-dias\\1190-laravel-parte1\\controle-series\\server.php(21): require_once('E:\\\\vinicius-dia...')
#62 {main}
"} 
[2019-04-06 18:27:33] local.ERROR: Not enough arguments (missing: "name"). {"exception":"[object] (Symfony\\Component\\Console\\Exception\\RuntimeException(code: 0): Not enough arguments (missing: \"name\"). at E:\\vinicius-dias\\1190-laravel-parte1\\controle-series\\vendor\\symfony\\console\\Input\\Input.php:76)
[stacktrace]
#0 E:\\vinicius-dias\\1190-laravel-parte1\\controle-series\\vendor\\symfony\\console\\Command\\Command.php(250): Symfony\\Component\\Console\\Input\\Input->validate()
#1 E:\\vinicius-dias\\1190-laravel-parte1\\controle-series\\vendor\\laravel\\framework\\src\\Illuminate\\Console\\Command.php(170): Symfony\\Component\\Console\\Command\\Command->run(Object(Symfony\\Component\\Console\\Input\\ArgvInput), Object(Illuminate\\Console\\OutputStyle))
#2 E:\\vinicius-dias\\1190-laravel-parte1\\controle-series\\vendor\\symfony\\console\\Application.php(908): Illuminate\\Console\\Command->run(Object(Symfony\\Component\\Console\\Input\\ArgvInput), Object(Symfony\\Component\\Console\\Output\\ConsoleOutput))
#3 E:\\vinicius-dias\\1190-laravel-parte1\\controle-series\\vendor\\symfony\\console\\Application.php(269): Symfony\\Component\\Console\\Application->doRunCommand(Object(Illuminate\\Foundation\\Console\\TestMakeCommand), Object(Symfony\\Component\\Console\\Input\\ArgvInput), Object(Symfony\\Component\\Console\\Output\\ConsoleOutput))
#4 E:\\vinicius-dias\\1190-laravel-parte1\\controle-series\\vendor\\symfony\\console\\Application.php(145): Symfony\\Component\\Console\\Application->doRun(Object(Symfony\\Component\\Console\\Input\\ArgvInput), Object(Symfony\\Component\\Console\\Output\\ConsoleOutput))
#5 E:\\vinicius-dias\\1190-laravel-parte1\\controle-series\\vendor\\laravel\\framework\\src\\Illuminate\\Console\\Application.php(90): Symfony\\Component\\Console\\Application->run(Object(Symfony\\Component\\Console\\Input\\ArgvInput), Object(Symfony\\Component\\Console\\Output\\ConsoleOutput))
#6 E:\\vinicius-dias\\1190-laravel-parte1\\controle-series\\vendor\\laravel\\framework\\src\\Illuminate\\Foundation\\Console\\Kernel.php(122): Illuminate\\Console\\Application->run(Object(Symfony\\Component\\Console\\Input\\ArgvInput), Object(Symfony\\Component\\Console\\Output\\ConsoleOutput))
#7 E:\\vinicius-dias\\1190-laravel-parte1\\controle-series\\artisan(37): Illuminate\\Foundation\\Console\\Kernel->handle(Object(Symfony\\Component\\Console\\Input\\ArgvInput), Object(Symfony\\Component\\Console\\Output\\ConsoleOutput))
#8 {main}
"} 
